<?xml version="1.0" encoding="UTF-8"?>
<testsuite xmlns:xsi="http://www.w3.org/2001/XMLSchema-instance" xsi:noNamespaceSchemaLocation="https://maven.apache.org/surefire/maven-surefire-plugin/xsd/surefire-test-report-3.0.xsd" version="3.0" name="CalculateIntegrationTest" time="0.668" tests="1" errors="0" skipped="0" failures="0">
  <properties>
    <property name="java.specification.version" value="17"/>
    <property name="sun.jnu.encoding" value="UTF-8"/>
    <property name="java.class.path" value="/Users/pachnitu/Downloads/TocaBocaIntegrationTests/target/test-classes:/Users/pachnitu/Downloads/TocaBocaIntegrationTests/target/classes:/Users/pachnitu/.m2/repository/org/testng/testng/7.3.0/testng-7.3.0.jar:/Users/pachnitu/.m2/repository/com/beust/jcommander/1.78/jcommander-1.78.jar:/Users/pachnitu/.m2/repository/org/apache/ant/ant/1.10.3/ant-1.10.3.jar:/Users/pachnitu/.m2/repository/org/apache/ant/ant-launcher/1.10.3/ant-launcher-1.10.3.jar:/Users/pachnitu/.m2/repository/junit/junit/4.12/junit-4.12.jar:/Users/pachnitu/.m2/repository/org/hamcrest/hamcrest-core/1.3/hamcrest-core-1.3.jar:/Users/pachnitu/.m2/repository/com/google/inject/guice/4.2.2/guice-4.2.2-no_aop.jar:/Users/pachnitu/.m2/repository/javax/inject/javax.inject/1/javax.inject-1.jar:/Users/pachnitu/.m2/repository/aopalliance/aopalliance/1.0/aopalliance-1.0.jar:/Users/pachnitu/.m2/repository/com/google/guava/guava/25.1-android/guava-25.1-android.jar:/Users/pachnitu/.m2/repository/com/google/code/findbugs/jsr305/3.0.2/jsr305-3.0.2.jar:/Users/pachnitu/.m2/repository/org/checkerframework/checker-compat-qual/2.0.0/checker-compat-qual-2.0.0.jar:/Users/pachnitu/.m2/repository/com/google/errorprone/error_prone_annotations/2.1.3/error_prone_annotations-2.1.3.jar:/Users/pachnitu/.m2/repository/com/google/j2objc/j2objc-annotations/1.1/j2objc-annotations-1.1.jar:/Users/pachnitu/.m2/repository/org/codehaus/mojo/animal-sniffer-annotations/1.14/animal-sniffer-annotations-1.14.jar:/Users/pachnitu/.m2/repository/org/yaml/snakeyaml/1.21/snakeyaml-1.21.jar:"/>
    <property name="java.vm.vendor" value="Homebrew"/>
    <property name="sun.arch.data.model" value="64"/>
    <property name="java.vendor.url" value="https://github.com/Homebrew/homebrew-core/issues"/>
    <property name="user.timezone" value="Asia/Kolkata"/>
    <property name="os.name" value="Mac OS X"/>
    <property name="java.vm.specification.version" value="17"/>
    <property name="sun.java.launcher" value="SUN_STANDARD"/>
    <property name="user.country" value="IN"/>
    <property name="sun.boot.library.path" value="/usr/local/Cellar/openjdk/17.0.1/libexec/openjdk.jdk/Contents/Home/lib"/>
    <property name="sun.java.command" value="/Users/pachnitu/Downloads/TocaBocaIntegrationTests/target/surefire/surefirebooter970549255993489417.jar /Users/pachnitu/Downloads/TocaBocaIntegrationTests/target/surefire 2021-12-29T20-43-26_994-jvmRun1 surefire18035560283498854131tmp surefire_08613511832250053957tmp"/>
    <property name="jdk.debug" value="release"/>
    <property name="surefire.test.class.path" value="/Users/pachnitu/Downloads/TocaBocaIntegrationTests/target/test-classes:/Users/pachnitu/Downloads/TocaBocaIntegrationTests/target/classes:/Users/pachnitu/.m2/repository/org/testng/testng/7.3.0/testng-7.3.0.jar:/Users/pachnitu/.m2/repository/com/beust/jcommander/1.78/jcommander-1.78.jar:/Users/pachnitu/.m2/repository/org/apache/ant/ant/1.10.3/ant-1.10.3.jar:/Users/pachnitu/.m2/repository/org/apache/ant/ant-launcher/1.10.3/ant-launcher-1.10.3.jar:/Users/pachnitu/.m2/repository/junit/junit/4.12/junit-4.12.jar:/Users/pachnitu/.m2/repository/org/hamcrest/hamcrest-core/1.3/hamcrest-core-1.3.jar:/Users/pachnitu/.m2/repository/com/google/inject/guice/4.2.2/guice-4.2.2-no_aop.jar:/Users/pachnitu/.m2/repository/javax/inject/javax.inject/1/javax.inject-1.jar:/Users/pachnitu/.m2/repository/aopalliance/aopalliance/1.0/aopalliance-1.0.jar:/Users/pachnitu/.m2/repository/com/google/guava/guava/25.1-android/guava-25.1-android.jar:/Users/pachnitu/.m2/repository/com/google/code/findbugs/jsr305/3.0.2/jsr305-3.0.2.jar:/Users/pachnitu/.m2/repository/org/checkerframework/checker-compat-qual/2.0.0/checker-compat-qual-2.0.0.jar:/Users/pachnitu/.m2/repository/com/google/errorprone/error_prone_annotations/2.1.3/error_prone_annotations-2.1.3.jar:/Users/pachnitu/.m2/repository/com/google/j2objc/j2objc-annotations/1.1/j2objc-annotations-1.1.jar:/Users/pachnitu/.m2/repository/org/codehaus/mojo/animal-sniffer-annotations/1.14/animal-sniffer-annotations-1.14.jar:/Users/pachnitu/.m2/repository/org/yaml/snakeyaml/1.21/snakeyaml-1.21.jar:"/>
    <property name="sun.cpu.endian" value="little"/>
    <property name="user.home" value="/Users/pachnitu"/>
    <property name="user.language" value="en"/>
    <property name="java.specification.vendor" value="Oracle Corporation"/>
    <property name="java.version.date" value="2021-10-19"/>
    <property name="java.home" value="/usr/local/Cellar/openjdk/17.0.1/libexec/openjdk.jdk/Contents/Home"/>
    <property name="file.separator" value="/"/>
    <property name="basedir" value="/Users/pachnitu/Downloads/TocaBocaIntegrationTests"/>
    <property name="java.vm.compressedOopsMode" value="Zero based"/>
    <property name="line.separator" value="&#10;"/>
    <property name="java.vm.specification.vendor" value="Oracle Corporation"/>
    <property name="java.specification.name" value="Java Platform API Specification"/>
    <property name="surefire.real.class.path" value="/Users/pachnitu/Downloads/TocaBocaIntegrationTests/target/surefire/surefirebooter970549255993489417.jar"/>
    <property name="sun.management.compiler" value="HotSpot 64-Bit Tiered Compilers"/>
    <property name="java.runtime.version" value="17.0.1+0"/>
    <property name="user.name" value="pachnitu"/>
    <property name="path.separator" value=":"/>
    <property name="os.version" value="11.6.2"/>
    <property name="java.runtime.name" value="OpenJDK Runtime Environment"/>
    <property name="file.encoding" value="US-ASCII"/>
    <property name="java.vm.name" value="OpenJDK 64-Bit Server VM"/>
    <property name="java.vendor.version" value="Homebrew"/>
    <property name="localRepository" value="/Users/pachnitu/.m2/repository"/>
    <property name="java.vendor.url.bug" value="https://github.com/Homebrew/homebrew-core/issues"/>
    <property name="java.io.tmpdir" value="/var/folders/hr/79hwjw2x57zc5g15yc77cfn80000gr/T/"/>
    <property name="java.version" value="17.0.1"/>
    <property name="user.dir" value="/Users/pachnitu/Downloads/TocaBocaIntegrationTests"/>
    <property name="os.arch" value="x86_64"/>
    <property name="java.vm.specification.name" value="Java Virtual Machine Specification"/>
    <property name="native.encoding" value="US-ASCII"/>
    <property name="java.library.path" value="/Users/pachnitu/Library/Java/Extensions:/Library/Java/Extensions:/Network/Library/Java/Extensions:/System/Library/Java/Extensions:/usr/lib/java:."/>
    <property name="java.vm.info" value="mixed mode, sharing"/>
    <property name="java.vendor" value="Homebrew"/>
    <property name="java.vm.version" value="17.0.1+0"/>
    <property name="sun.io.unicode.encoding" value="UnicodeBig"/>
    <property name="java.class.version" value="61.0"/>
  </properties>
  <testcase name="testCalculateExpression" classname="CalculateIntegrationTest" time="0.006">
    <system-out><![CDATA[Test has successfully passed.
]]></system-out>
  </testcase>
</testsuite>