<?xml version="1.0" encoding="UTF-8"?>
<!-- Generated by org.testng.reporters.JUnitReportReporter -->
<testsuite hostname="147dda19f2f2.ant.amazon.com" failures="0" tests="1" name="CalculateIntegrationTest" time="0.003" errors="0" timestamp="2021-12-29T20:43:28 IST" skipped="0">
  <testcase classname="CalculateIntegrationTest" name="testCalculateExpression" time="0.003"/>
  <system-out/>
</testsuite> <!-- CalculateIntegrationTest -->
